<?xml version="1.0" encoding="UTF-8"?>
<testng-results ignored="0" total="5" passed="5" failed="0" skipped="0">
  <reporter-output>
  </reporter-output>
  <suite started-at="2023-08-25T15:42:44Z" name="Suite" finished-at="2023-08-25T15:42:47Z" duration-ms="3163">
    <groups>
    </groups>
    <test started-at="2023-08-25T15:42:44Z" name="Test" finished-at="2023-08-25T15:42:47Z" duration-ms="3163">
      <class name="org.testing.testscripts.Test_Case_1">
        <test-method signature="Testcase1()[pri:0, instance:org.testing.testscripts.Test_Case_1@1c93f6e1]" started-at="2023-08-25T21:12:44Z" name="Testcase1" finished-at="2023-08-25T21:12:47Z" duration-ms="2624" status="PASS">
          <reporter-output>
          </reporter-output>
        </test-method> <!-- Testcase1 -->
      </class> <!-- org.testing.testscripts.Test_Case_1 -->
      <class name="org.testing.testscripts.Test_Case__2">
        <test-method signature="testcase2()[pri:0, instance:org.testing.testscripts.Test_Case__2@130e116b]" started-at="2023-08-25T21:12:47Z" name="testcase2" finished-at="2023-08-25T21:12:47Z" duration-ms="115" status="PASS">
          <reporter-output>
          </reporter-output>
        </test-method> <!-- testcase2 -->
      </class> <!-- org.testing.testscripts.Test_Case__2 -->
      <class name="org.testing.testscripts.Test_Case_3">
        <test-method signature="testcase3()[pri:0, instance:org.testing.testscripts.Test_Case_3@e383572]" started-at="2023-08-25T21:12:47Z" name="testcase3" finished-at="2023-08-25T21:12:47Z" duration-ms="115" status="PASS">
          <reporter-output>
          </reporter-output>
        </test-method> <!-- testcase3 -->
      </class> <!-- org.testing.testscripts.Test_Case_3 -->
      <class name="org.testing.testscripts.Test_Case_4">
        <test-method signature="testcase4()[pri:0, instance:org.testing.testscripts.Test_Case_4@5ddf0d24]" started-at="2023-08-25T21:12:47Z" name="testcase4" finished-at="2023-08-25T21:12:47Z" duration-ms="167" status="PASS">
          <reporter-output>
          </reporter-output>
        </test-method> <!-- testcase4 -->
      </class> <!-- org.testing.testscripts.Test_Case_4 -->
      <class name="org.testing.testscripts.Test_Case_5">
        <test-method signature="testcase5()[pri:0, instance:org.testing.testscripts.Test_Case_5@363a52f]" started-at="2023-08-25T21:12:47Z" name="testcase5" finished-at="2023-08-25T21:12:47Z" duration-ms="75" status="PASS">
          <reporter-output>
          </reporter-output>
        </test-method> <!-- testcase5 -->
      </class> <!-- org.testing.testscripts.Test_Case_5 -->
    </test> <!-- Test -->
  </suite> <!-- Suite -->
</testng-results>
