<?xml version="1.0" encoding="UTF-8"?>
<!-- Generated by org.testng.reporters.JUnitXMLReporter -->
<testsuite ignored="0" hostname="sunny-pc" failures="0" tests="5" name="Test" time="3.163" errors="0" timestamp="25 Aug 2023 15:42:47 GMT">
  <testcase classname="org.testing.testscripts.Test_Case_1" name="Testcase1" time="2.624"/>
  <testcase classname="org.testing.testscripts.Test_Case__2" name="testcase2" time="0.115"/>
  <testcase classname="org.testing.testscripts.Test_Case_3" name="testcase3" time="0.115"/>
  <testcase classname="org.testing.testscripts.Test_Case_4" name="testcase4" time="0.167"/>
  <testcase classname="org.testing.testscripts.Test_Case_5" name="testcase5" time="0.075"/>
</testsuite> <!-- Test -->
